* Host localhost:8080 was resolved.
* IPv6: ::1
* IPv4: 127.0.0.1
*   Trying [::1]:8080...
* Connected to localhost (::1) port 8080
> POST /api/profile/login HTTP/1.1
> Host: localhost:8080
> User-Agent: curl/8.5.0
> Accept: */*
> Content-Type: application/json
> Content-Length: 68
> 
} [68 bytes data]
< HTTP/1.1 200 
< Vary: Origin
< Vary: Access-Control-Request-Method
< Vary: Access-Control-Request-Headers
< Set-Cookie: jwt=eyJhbGciOiJIUzI1NiJ9.eyJzdWIiOiJ0ZXN0dXNlcl8xNzcyNTY2MzI0QGV4YW1wbGUuY29tIiwiZXhwIjoxNzcyNjAyMzMwLCJpYXQiOjE3NzI1NjYzMzB9.M7UATXY-OmHxyNY0jyhegzVHQMNKKYmjEYHzBmMs370; Path=/; Max-Age=86400; Expires=Wed, 04 Mar 2026 19:32:10 GMT; HttpOnly; SameSite=Lax
< X-Content-Type-Options: nosniff
< X-XSS-Protection: 0
< Cache-Control: no-cache, no-store, max-age=0, must-revalidate
< Pragma: no-cache
< Expires: 0
< X-Frame-Options: DENY
< Content-Type: application/json
< Transfer-Encoding: chunked
< Date: Tue, 03 Mar 2026 19:32:10 GMT
< 
{ [219 bytes data]
* Connection #0 to host localhost left intact
